Linked: (/home/user/projek-kamera/devel/.private/yolov5/share/roseus/ros/yolov5/manifest.l, /home/user/projek-kamera/devel/share/roseus/ros/yolov5/manifest.l)
Linked: (/home/user/projek-kamera/devel/.private/yolov5/share/roseus/ros/yolov5/msg/BoundingBox.l, /home/user/projek-kamera/devel/share/roseus/ros/yolov5/msg/BoundingBox.l)
Linked: (/home/user/projek-kamera/devel/.private/yolov5/share/roseus/ros/yolov5/msg/vision.l, /home/user/projek-kamera/devel/share/roseus/ros/yolov5/msg/vision.l)
Linked: (/home/user/projek-kamera/devel/.private/yolov5/share/roseus/ros/yolov5/msg/kamera.l, /home/user/projek-kamera/devel/share/roseus/ros/yolov5/msg/kamera.l)
Linked: (/home/user/projek-kamera/devel/.private/yolov5/share/roseus/ros/yolov5/msg/BoundingBoxes.l, /home/user/projek-kamera/devel/share/roseus/ros/yolov5/msg/BoundingBoxes.l)
Linked: (/home/user/projek-kamera/devel/.private/yolov5/share/common-lisp/ros/yolov5/msg/_package_BoundingBoxes.lisp, /home/user/projek-kamera/devel/share/common-lisp/ros/yolov5/msg/_package_BoundingBoxes.lisp)
Linked: (/home/user/projek-kamera/devel/.private/yolov5/share/common-lisp/ros/yolov5/msg/_package_kamera.lisp, /home/user/projek-kamera/devel/share/common-lisp/ros/yolov5/msg/_package_kamera.lisp)
Linked: (/home/user/projek-kamera/devel/.private/yolov5/share/common-lisp/ros/yolov5/msg/_package_vision.lisp, /home/user/projek-kamera/devel/share/common-lisp/ros/yolov5/msg/_package_vision.lisp)
Linked: (/home/user/projek-kamera/devel/.private/yolov5/share/common-lisp/ros/yolov5/msg/BoundingBoxes.lisp, /home/user/projek-kamera/devel/share/common-lisp/ros/yolov5/msg/BoundingBoxes.lisp)
Linked: (/home/user/projek-kamera/devel/.private/yolov5/share/common-lisp/ros/yolov5/msg/yolov5-msg.asd, /home/user/projek-kamera/devel/share/common-lisp/ros/yolov5/msg/yolov5-msg.asd)
Linked: (/home/user/projek-kamera/devel/.private/yolov5/share/common-lisp/ros/yolov5/msg/kamera.lisp, /home/user/projek-kamera/devel/share/common-lisp/ros/yolov5/msg/kamera.lisp)
Linked: (/home/user/projek-kamera/devel/.private/yolov5/share/common-lisp/ros/yolov5/msg/_package.lisp, /home/user/projek-kamera/devel/share/common-lisp/ros/yolov5/msg/_package.lisp)
Linked: (/home/user/projek-kamera/devel/.private/yolov5/share/common-lisp/ros/yolov5/msg/_package_BoundingBox.lisp, /home/user/projek-kamera/devel/share/common-lisp/ros/yolov5/msg/_package_BoundingBox.lisp)
Linked: (/home/user/projek-kamera/devel/.private/yolov5/share/common-lisp/ros/yolov5/msg/BoundingBox.lisp, /home/user/projek-kamera/devel/share/common-lisp/ros/yolov5/msg/BoundingBox.lisp)
Linked: (/home/user/projek-kamera/devel/.private/yolov5/share/common-lisp/ros/yolov5/msg/vision.lisp, /home/user/projek-kamera/devel/share/common-lisp/ros/yolov5/msg/vision.lisp)
Linked: (/home/user/projek-kamera/devel/.private/yolov5/share/gennodejs/ros/yolov5/_index.js, /home/user/projek-kamera/devel/share/gennodejs/ros/yolov5/_index.js)
Linked: (/home/user/projek-kamera/devel/.private/yolov5/share/gennodejs/ros/yolov5/msg/_index.js, /home/user/projek-kamera/devel/share/gennodejs/ros/yolov5/msg/_index.js)
Linked: (/home/user/projek-kamera/devel/.private/yolov5/share/gennodejs/ros/yolov5/msg/kamera.js, /home/user/projek-kamera/devel/share/gennodejs/ros/yolov5/msg/kamera.js)
Linked: (/home/user/projek-kamera/devel/.private/yolov5/share/gennodejs/ros/yolov5/msg/BoundingBoxes.js, /home/user/projek-kamera/devel/share/gennodejs/ros/yolov5/msg/BoundingBoxes.js)
Linked: (/home/user/projek-kamera/devel/.private/yolov5/share/gennodejs/ros/yolov5/msg/BoundingBox.js, /home/user/projek-kamera/devel/share/gennodejs/ros/yolov5/msg/BoundingBox.js)
Linked: (/home/user/projek-kamera/devel/.private/yolov5/share/gennodejs/ros/yolov5/msg/vision.js, /home/user/projek-kamera/devel/share/gennodejs/ros/yolov5/msg/vision.js)
Linked: (/home/user/projek-kamera/devel/.private/yolov5/share/yolov5/cmake/yolov5Config-version.cmake, /home/user/projek-kamera/devel/share/yolov5/cmake/yolov5Config-version.cmake)
Linked: (/home/user/projek-kamera/devel/.private/yolov5/share/yolov5/cmake/yolov5-msg-paths.cmake, /home/user/projek-kamera/devel/share/yolov5/cmake/yolov5-msg-paths.cmake)
Linked: (/home/user/projek-kamera/devel/.private/yolov5/share/yolov5/cmake/yolov5Config.cmake, /home/user/projek-kamera/devel/share/yolov5/cmake/yolov5Config.cmake)
Linked: (/home/user/projek-kamera/devel/.private/yolov5/share/yolov5/cmake/yolov5-msg-extras.cmake, /home/user/projek-kamera/devel/share/yolov5/cmake/yolov5-msg-extras.cmake)
Linked: (/home/user/projek-kamera/devel/.private/yolov5/include/yolov5/kamera.h, /home/user/projek-kamera/devel/include/yolov5/kamera.h)
Linked: (/home/user/projek-kamera/devel/.private/yolov5/include/yolov5/vision.h, /home/user/projek-kamera/devel/include/yolov5/vision.h)
Linked: (/home/user/projek-kamera/devel/.private/yolov5/include/yolov5/BoundingBox.h, /home/user/projek-kamera/devel/include/yolov5/BoundingBox.h)
Linked: (/home/user/projek-kamera/devel/.private/yolov5/include/yolov5/BoundingBoxes.h, /home/user/projek-kamera/devel/include/yolov5/BoundingBoxes.h)
Linked: (/home/user/projek-kamera/devel/.private/yolov5/lib/pkgconfig/yolov5.pc, /home/user/projek-kamera/devel/lib/pkgconfig/yolov5.pc)
Linked: (/home/user/projek-kamera/devel/.private/yolov5/lib/python3/dist-packages/yolov5/__init__.py, /home/user/projek-kamera/devel/lib/python3/dist-packages/yolov5/__init__.py)
Linked: (/home/user/projek-kamera/devel/.private/yolov5/lib/python3/dist-packages/yolov5/msg/_vision.py, /home/user/projek-kamera/devel/lib/python3/dist-packages/yolov5/msg/_vision.py)
Linked: (/home/user/projek-kamera/devel/.private/yolov5/lib/python3/dist-packages/yolov5/msg/__init__.py, /home/user/projek-kamera/devel/lib/python3/dist-packages/yolov5/msg/__init__.py)
Linked: (/home/user/projek-kamera/devel/.private/yolov5/lib/python3/dist-packages/yolov5/msg/_BoundingBoxes.py, /home/user/projek-kamera/devel/lib/python3/dist-packages/yolov5/msg/_BoundingBoxes.py)
Linked: (/home/user/projek-kamera/devel/.private/yolov5/lib/python3/dist-packages/yolov5/msg/_BoundingBox.py, /home/user/projek-kamera/devel/lib/python3/dist-packages/yolov5/msg/_BoundingBox.py)
Linked: (/home/user/projek-kamera/devel/.private/yolov5/lib/python3/dist-packages/yolov5/msg/_kamera.py, /home/user/projek-kamera/devel/lib/python3/dist-packages/yolov5/msg/_kamera.py)
