Symlinking /home/user/projek-kamera/devel/share/roseus/ros/yolov5/manifest.l
Symlinking /home/user/projek-kamera/devel/share/roseus/ros/yolov5/msg/BoundingBox.l
Symlinking /home/user/projek-kamera/devel/share/roseus/ros/yolov5/msg/vision.l
Symlinking /home/user/projek-kamera/devel/share/roseus/ros/yolov5/msg/kamera.l
Symlinking /home/user/projek-kamera/devel/share/roseus/ros/yolov5/msg/BoundingBoxes.l
Symlinking /home/user/projek-kamera/devel/share/common-lisp/ros/yolov5/msg/_package_BoundingBoxes.lisp
Symlinking /home/user/projek-kamera/devel/share/common-lisp/ros/yolov5/msg/_package_kamera.lisp
Symlinking /home/user/projek-kamera/devel/share/common-lisp/ros/yolov5/msg/_package_vision.lisp
Symlinking /home/user/projek-kamera/devel/share/common-lisp/ros/yolov5/msg/BoundingBoxes.lisp
Symlinking /home/user/projek-kamera/devel/share/common-lisp/ros/yolov5/msg/yolov5-msg.asd
Symlinking /home/user/projek-kamera/devel/share/common-lisp/ros/yolov5/msg/kamera.lisp
Symlinking /home/user/projek-kamera/devel/share/common-lisp/ros/yolov5/msg/_package.lisp
Symlinking /home/user/projek-kamera/devel/share/common-lisp/ros/yolov5/msg/_package_BoundingBox.lisp
Symlinking /home/user/projek-kamera/devel/share/common-lisp/ros/yolov5/msg/BoundingBox.lisp
Symlinking /home/user/projek-kamera/devel/share/common-lisp/ros/yolov5/msg/vision.lisp
Symlinking /home/user/projek-kamera/devel/share/gennodejs/ros/yolov5/_index.js
Symlinking /home/user/projek-kamera/devel/share/gennodejs/ros/yolov5/msg/_index.js
Symlinking /home/user/projek-kamera/devel/share/gennodejs/ros/yolov5/msg/kamera.js
Symlinking /home/user/projek-kamera/devel/share/gennodejs/ros/yolov5/msg/BoundingBoxes.js
Symlinking /home/user/projek-kamera/devel/share/gennodejs/ros/yolov5/msg/BoundingBox.js
Symlinking /home/user/projek-kamera/devel/share/gennodejs/ros/yolov5/msg/vision.js
Symlinking /home/user/projek-kamera/devel/share/yolov5/cmake/yolov5Config-version.cmake
Symlinking /home/user/projek-kamera/devel/share/yolov5/cmake/yolov5-msg-paths.cmake
Symlinking /home/user/projek-kamera/devel/share/yolov5/cmake/yolov5Config.cmake
Symlinking /home/user/projek-kamera/devel/share/yolov5/cmake/yolov5-msg-extras.cmake
Symlinking /home/user/projek-kamera/devel/include/yolov5/kamera.h
Symlinking /home/user/projek-kamera/devel/include/yolov5/vision.h
Symlinking /home/user/projek-kamera/devel/include/yolov5/BoundingBox.h
Symlinking /home/user/projek-kamera/devel/include/yolov5/BoundingBoxes.h
Symlinking /home/user/projek-kamera/devel/lib/pkgconfig/yolov5.pc
Symlinking /home/user/projek-kamera/devel/lib/python3/dist-packages/yolov5/__init__.py
Symlinking /home/user/projek-kamera/devel/lib/python3/dist-packages/yolov5/msg/_vision.py
Symlinking /home/user/projek-kamera/devel/lib/python3/dist-packages/yolov5/msg/__init__.py
Symlinking /home/user/projek-kamera/devel/lib/python3/dist-packages/yolov5/msg/_BoundingBoxes.py
Symlinking /home/user/projek-kamera/devel/lib/python3/dist-packages/yolov5/msg/_BoundingBox.py
Symlinking /home/user/projek-kamera/devel/lib/python3/dist-packages/yolov5/msg/_kamera.py
