[35m[1mScanning dependencies of target _yolov5_generate_messages_check_deps_kamera[0m
[35m[1mScanning dependencies of target _yolov5_generate_messages_check_deps_BoundingBoxes[0m
[35m[1mScanning dependencies of target _yolov5_generate_messages_check_deps_vision[0m
[35m[1mScanning dependencies of target std_msgs_generate_messages_nodejs[0m
[  0%] Built target std_msgs_generate_messages_nodejs
[35m[1mScanning dependencies of target _yolov5_generate_messages_check_deps_BoundingBox[0m
[  0%] Built target _yolov5_generate_messages_check_deps_BoundingBoxes
[  0%] Built target _yolov5_generate_messages_check_deps_kamera
[  0%] Built target _yolov5_generate_messages_check_deps_vision
[  0%] Built target _yolov5_generate_messages_check_deps_BoundingBox
[35m[1mScanning dependencies of target std_msgs_generate_messages_cpp[0m
[35m[1mScanning dependencies of target std_msgs_generate_messages_eus[0m
[35m[1mScanning dependencies of target std_msgs_generate_messages_py[0m
[35m[1mScanning dependencies of target std_msgs_generate_messages_lisp[0m
[  0%] Built target std_msgs_generate_messages_cpp
[  0%] Built target std_msgs_generate_messages_eus
[  0%] Built target std_msgs_generate_messages_lisp
[  0%] Built target std_msgs_generate_messages_py
[35m[1mScanning dependencies of target yolov5_generate_messages_nodejs[0m
[35m[1mScanning dependencies of target yolov5_generate_messages_cpp[0m
[35m[1mScanning dependencies of target yolov5_generate_messages_eus[0m
[35m[1mScanning dependencies of target yolov5_generate_messages_lisp[0m
[  4%] [34m[1mGenerating Javascript code from yolov5/BoundingBox.msg[0m
[  9%] [34m[1mGenerating C++ code from yolov5/BoundingBox.msg[0m
[ 13%] [34m[1mGenerating EusLisp code from yolov5/BoundingBox.msg[0m
[ 18%] [34m[1mGenerating Lisp code from yolov5/BoundingBox.msg[0m
[ 22%] [34m[1mGenerating Lisp code from yolov5/BoundingBoxes.msg[0m
[ 27%] [34m[1mGenerating Javascript code from yolov5/BoundingBoxes.msg[0m
[ 31%] [34m[1mGenerating Lisp code from yolov5/kamera.msg[0m
[ 36%] [34m[1mGenerating EusLisp code from yolov5/BoundingBoxes.msg[0m
[ 40%] [34m[1mGenerating Javascript code from yolov5/kamera.msg[0m
[ 45%] [34m[1mGenerating C++ code from yolov5/BoundingBoxes.msg[0m
[ 50%] [34m[1mGenerating Lisp code from yolov5/vision.msg[0m
[ 54%] [34m[1mGenerating Javascript code from yolov5/vision.msg[0m
[ 59%] [34m[1mGenerating EusLisp code from yolov5/kamera.msg[0m
[ 59%] Built target yolov5_generate_messages_lisp
[35m[1mScanning dependencies of target yolov5_generate_messages_py[0m
[ 63%] [34m[1mGenerating Python from MSG yolov5/BoundingBox[0m
[ 63%] Built target yolov5_generate_messages_nodejs
[ 68%] [34m[1mGenerating Python from MSG yolov5/BoundingBoxes[0m
[ 72%] [34m[1mGenerating C++ code from yolov5/kamera.msg[0m
[ 77%] [34m[1mGenerating EusLisp code from yolov5/vision.msg[0m
[ 81%] [34m[1mGenerating EusLisp manifest code for yolov5[0m
[ 86%] [34m[1mGenerating C++ code from yolov5/vision.msg[0m
[ 86%] Built target yolov5_generate_messages_cpp
[ 90%] [34m[1mGenerating Python from MSG yolov5/kamera[0m
[ 95%] [34m[1mGenerating Python from MSG yolov5/vision[0m
[100%] [34m[1mGenerating Python msg __init__.py for yolov5[0m
[100%] Built target yolov5_generate_messages_py
[100%] Built target yolov5_generate_messages_eus
[35m[1mScanning dependencies of target yolov5_generate_messages[0m
[100%] Built target yolov5_generate_messages
